<?xml version="1.0" encoding="UTF-8"?>
<testng-results skipped="0" failed="0" total="1" passed="1">
  <reporter-output>
  </reporter-output>
  <suite name="Default suite" duration-ms="3774" started-at="2019-08-11T07:41:14Z" finished-at="2019-08-11T07:41:17Z">
    <groups>
    </groups>
    <test name="Default test" duration-ms="3774" started-at="2019-08-11T07:41:14Z" finished-at="2019-08-11T07:41:17Z">
      <class name="practice.basics5Logimplementation">
        <test-method status="PASS" signature="test()[pri:0, instance:practice.basics5Logimplementation@3327bd23]" name="test" duration-ms="3770" started-at="2019-08-11T13:11:14Z" finished-at="2019-08-11T13:11:17Z">
          <reporter-output>
          </reporter-output>
        </test-method> <!-- test -->
      </class> <!-- practice.basics5Logimplementation -->
    </test> <!-- Default test -->
  </suite> <!-- Default suite -->
</testng-results>
